<?xml version="1.0" encoding="UTF-8"?>
<testng-results skipped="0" failed="0" total="2" passed="2">
  <reporter-output>
  </reporter-output>
  <suite name="Default suite" duration-ms="23805" started-at="2017-06-13T16:59:31Z" finished-at="2017-06-13T16:59:55Z">
    <groups>
    </groups>
    <test name="Default test" duration-ms="23805" started-at="2017-06-13T16:59:31Z" finished-at="2017-06-13T16:59:55Z">
      <class name="com.selenium.org.Batch9Maven.NewTest$firsttestngfile">
        <test-method status="PASS" signature="launchBrowser()[pri:0, instance:com.selenium.org.Batch9Maven.NewTest$firsttestngfile@2f7a2457]" test-instance-name="" name="launchBrowser" is-config="true" duration-ms="10268" started-at="2017-06-13T22:29:31Z" finished-at="2017-06-13T22:29:42Z">
          <reporter-output>
          </reporter-output>
        </test-method> <!-- launchBrowser -->
        <test-method status="PASS" signature="verifyHomepageTitle()[pri:0, instance:com.selenium.org.Batch9Maven.NewTest$firsttestngfile@2f7a2457]" test-instance-name="" name="verifyHomepageTitle" is-config="true" duration-ms="196" started-at="2017-06-13T22:29:42Z" finished-at="2017-06-13T22:29:42Z">
          <reporter-output>
          </reporter-output>
        </test-method> <!-- verifyHomepageTitle -->
        <test-method status="PASS" signature="register()[pri:0, instance:com.selenium.org.Batch9Maven.NewTest$firsttestngfile@2f7a2457]" test-instance-name="" name="register" duration-ms="3629" started-at="2017-06-13T22:29:42Z" finished-at="2017-06-13T22:29:45Z">
          <reporter-output>
          </reporter-output>
        </test-method> <!-- register -->
        <test-method status="PASS" signature="goBackToHomepage()[pri:0, instance:com.selenium.org.Batch9Maven.NewTest$firsttestngfile@2f7a2457]" test-instance-name="" name="goBackToHomepage" is-config="true" duration-ms="3532" started-at="2017-06-13T22:29:45Z" finished-at="2017-06-13T22:29:49Z">
          <reporter-output>
          </reporter-output>
        </test-method> <!-- goBackToHomepage -->
        <test-method status="PASS" signature="verifyHomepageTitle()[pri:0, instance:com.selenium.org.Batch9Maven.NewTest$firsttestngfile@2f7a2457]" test-instance-name="" name="verifyHomepageTitle" is-config="true" duration-ms="17" started-at="2017-06-13T22:29:49Z" finished-at="2017-06-13T22:29:49Z">
          <reporter-output>
          </reporter-output>
        </test-method> <!-- verifyHomepageTitle -->
        <test-method status="PASS" signature="support()[pri:1, instance:com.selenium.org.Batch9Maven.NewTest$firsttestngfile@2f7a2457]" test-instance-name="" name="support" duration-ms="1778" started-at="2017-06-13T22:29:49Z" finished-at="2017-06-13T22:29:51Z">
          <reporter-output>
          </reporter-output>
        </test-method> <!-- support -->
        <test-method status="PASS" signature="goBackToHomepage()[pri:0, instance:com.selenium.org.Batch9Maven.NewTest$firsttestngfile@2f7a2457]" test-instance-name="" name="goBackToHomepage" is-config="true" duration-ms="1566" started-at="2017-06-13T22:29:51Z" finished-at="2017-06-13T22:29:52Z">
          <reporter-output>
          </reporter-output>
        </test-method> <!-- goBackToHomepage -->
        <test-method status="PASS" signature="terminateBrowser()[pri:0, instance:com.selenium.org.Batch9Maven.NewTest$firsttestngfile@2f7a2457]" test-instance-name="" name="terminateBrowser" is-config="true" duration-ms="2792" started-at="2017-06-13T22:29:52Z" finished-at="2017-06-13T22:29:55Z">
          <reporter-output>
          </reporter-output>
        </test-method> <!-- terminateBrowser -->
      </class> <!-- com.selenium.org.Batch9Maven.NewTest$firsttestngfile -->
    </test> <!-- Default test -->
  </suite> <!-- Default suite -->
</testng-results>
