<?xml version="1.0" encoding="UTF-8"?>
<testng-results skipped="0" failed="0" total="1" passed="1">
  <reporter-output>
  </reporter-output>
  <suite name="SuiteName" duration-ms="24903" started-at="2017-06-03T05:56:40Z" finished-at="2017-06-03T05:57:04Z">
    <groups>
    </groups>
    <test name="Test1" duration-ms="24903" started-at="2017-06-03T05:56:40Z" finished-at="2017-06-03T05:57:04Z">
      <class name="com.selenium.org.Batch9Maven.TestNGCLass">
        <test-method status="PASS" signature="beforeTest(java.lang.String)[pri:0, instance:com.selenium.org.Batch9Maven.TestNGCLass@3498ed]" name="beforeTest" is-config="true" duration-ms="17439" started-at="2017-06-03T11:26:40Z" finished-at="2017-06-03T11:26:57Z">
          <params>
            <param index="0">
              <value>
                <![CDATA[Chrome]]>
              </value>
            </param>
          </params>
          <reporter-output>
          </reporter-output>
        </test-method> <!-- beforeTest -->
        <test-method status="PASS" signature="f()[pri:0, instance:com.selenium.org.Batch9Maven.TestNGCLass@3498ed]" name="f" duration-ms="3677" started-at="2017-06-03T11:26:57Z" finished-at="2017-06-03T11:27:01Z">
          <reporter-output>
          </reporter-output>
        </test-method> <!-- f -->
        <test-method status="PASS" signature="afterTest()[pri:0, instance:com.selenium.org.Batch9Maven.TestNGCLass@3498ed]" name="afterTest" is-config="true" duration-ms="3746" started-at="2017-06-03T11:27:01Z" finished-at="2017-06-03T11:27:04Z">
          <reporter-output>
          </reporter-output>
        </test-method> <!-- afterTest -->
      </class> <!-- com.selenium.org.Batch9Maven.TestNGCLass -->
    </test> <!-- Test1 -->
  </suite> <!-- SuiteName -->
</testng-results>
